# JRE version: OpenJDK Runtime Environment Temurin-23.0.1+11 (23.0.1+11) (build 23.0.1+11)
# Java VM: OpenJDK 64-Bit Server VM Temurin-23.0.1+11 (23.0.1+11, mixed mode, sharing, tiered, compressed oops, compressed class ptrs, g1 gc, bsd-amd64)
Heap:
 garbage-first heap   total reserved 2097152K, committed 133120K, used 61412K [0x0000000780000000, 0x0000000800000000)
  region size 1024K, 53 young (54272K), 1 survivors (1024K)
 Metaspace       used 9846K, committed 10112K, reserved 1114112K
  class space    used 1088K, committed 1216K, reserved 1048576K
GC Heap History (20 events):
Event: 3079.394 GC heap before
{Heap before GC invocations=23 (full 0):
 garbage-first heap   total reserved 2097152K, committed 133120K, used 85412K [0x0000000780000000, 0x0000000800000000)
  region size 1024K, 76 young (77824K), 1 survivors (1024K)
 Metaspace       used 9846K, committed 10112K, reserved 1114112K
  class space    used 1088K, committed 1216K, reserved 1048576K
}
Event: 3079.398 GC heap after
{Heap after GC invocations=24 (full 0):
 garbage-first heap   total reserved 2097152K, committed 133120K, used 8609K [0x0000000780000000, 0x0000000800000000)
  region size 1024K, 1 young (1024K), 1 survivors (1024K)
 Metaspace       used 9846K, committed 10112K, reserved 1114112K
  class space    used 1088K, committed 1216K, reserved 1048576K
}
Event: 3230.081 GC heap before
{Heap before GC invocations=24 (full 0):
 garbage-first heap   total reserved 2097152K, committed 133120K, used 85409K [0x0000000780000000, 0x0000000800000000)
  region size 1024K, 76 young (77824K), 1 survivors (1024K)
 Metaspace       used 9846K, committed 10112K, reserved 1114112K
  class space    used 1088K, committed 1216K, reserved 1048576K
}
Event: 3230.100 GC heap after
{Heap after GC invocations=25 (full 0):
 garbage-first heap   total reserved 2097152K, committed 133120K, used 8616K [0x0000000780000000, 0x0000000800000000)
  region size 1024K, 1 young (1024K), 1 survivors (1024K)
 Metaspace       used 9846K, committed 10112K, reserved 1114112K
  class space    used 1088K, committed 1216K, reserved 1048576K
}
Event: 3382.177 GC heap before
{Heap before GC invocations=25 (full 0):
 garbage-first heap   total reserved 2097152K, committed 133120K, used 85416K [0x0000000780000000, 0x0000000800000000)
  region size 1024K, 76 young (77824K), 1 survivors (1024K)
 Metaspace       used 9846K, committed 10112K, reserved 1114112K
  class space    used 1088K, committed 1216K, reserved 1048576K
}
Event: 3382.187 GC heap after
{Heap after GC invocations=26 (full 0):
 garbage-first heap   total reserved 2097152K, committed 133120K, used 8616K [0x0000000780000000, 0x0000000800000000)
  region size 1024K, 1 young (1024K), 1 survivors (1024K)
 Metaspace       used 9846K, committed 10112K, reserved 1114112K
  class space    used 1088K, committed 1216K, reserved 1048576K
}
Event: 3532.625 GC heap before
{Heap before GC invocations=26 (full 0):
 garbage-first heap   total reserved 2097152K, committed 133120K, used 85416K [0x0000000780000000, 0x0000000800000000)
  region size 1024K, 76 young (77824K), 1 survivors (1024K)
 Metaspace       used 9846K, committed 10112K, reserved 1114112K
  class space    used 1088K, committed 1216K, reserved 1048576K
}
Event: 3532.629 GC heap after
{Heap after GC invocations=27 (full 0):
 garbage-first heap   total reserved 2097152K, committed 133120K, used 8612K [0x0000000780000000, 0x0000000800000000)
  region size 1024K, 1 young (1024K), 1 survivors (1024K)
 Metaspace       used 9846K, committed 10112K, reserved 1114112K
  class space    used 1088K, committed 1216K, reserved 1048576K
}
Event: 3684.071 GC heap before
{Heap before GC invocations=27 (full 0):
 garbage-first heap   total reserved 2097152K, committed 133120K, used 85412K [0x0000000780000000, 0x0000000800000000)
  region size 1024K, 76 young (77824K), 1 survivors (1024K)
 Metaspace       used 9846K, committed 10112K, reserved 1114112K
  class space    used 1088K, committed 1216K, reserved 1048576K
}
Event: 3684.076 GC heap after
{Heap after GC invocations=28 (full 0):
 garbage-first heap   total reserved 2097152K, committed 133120K, used 8614K [0x0000000780000000, 0x0000000800000000)
  region size 1024K, 1 young (1024K), 1 survivors (1024K)
 Metaspace       used 9846K, committed 10112K, reserved 1114112K
  class space    used 1088K, committed 1216K, reserved 1048576K
}
Event: 3835.776 GC heap before
{Heap before GC invocations=28 (full 0):
 garbage-first heap   total reserved 2097152K, committed 133120K, used 85414K [0x0000000780000000, 0x0000000800000000)
  region size 1024K, 76 young (77824K), 1 survivors (1024K)
 Metaspace       used 9846K, committed 10112K, reserved 1114112K
  class space    used 1088K, committed 1216K, reserved 1048576K
}
Event: 3835.784 GC heap after
{Heap after GC invocations=29 (full 0):
 garbage-first heap   total reserved 2097152K, committed 133120K, used 8611K [0x0000000780000000, 0x0000000800000000)
  region size 1024K, 1 young (1024K), 1 survivors (1024K)
 Metaspace       used 9846K, committed 10112K, reserved 1114112K
  class space    used 1088K, committed 1216K, reserved 1048576K
}
Event: 3988.710 GC heap before
{Heap before GC invocations=29 (full 0):
 garbage-first heap   total reserved 2097152K, committed 133120K, used 85411K [0x0000000780000000, 0x0000000800000000)
  region size 1024K, 76 young (77824K), 1 survivors (1024K)
 Metaspace       used 9846K, committed 10112K, reserved 1114112K
  class space    used 1088K, committed 1216K, reserved 1048576K
}
Event: 3988.717 GC heap after
{Heap after GC invocations=30 (full 0):
 garbage-first heap   total reserved 2097152K, committed 133120K, used 8612K [0x0000000780000000, 0x0000000800000000)
  region size 1024K, 1 young (1024K), 1 survivors (1024K)
 Metaspace       used 9846K, committed 10112K, reserved 1114112K
  class space    used 1088K, committed 1216K, reserved 1048576K
}
Event: 4142.411 GC heap before
{Heap before GC invocations=30 (full 0):
 garbage-first heap   total reserved 2097152K, committed 133120K, used 85412K [0x0000000780000000, 0x0000000800000000)
  region size 1024K, 76 young (77824K), 1 survivors (1024K)
 Metaspace       used 9846K, committed 10112K, reserved 1114112K
  class space    used 1088K, committed 1216K, reserved 1048576K
}
Event: 4142.418 GC heap after
{Heap after GC invocations=31 (full 0):
 garbage-first heap   total reserved 2097152K, committed 133120K, used 8613K [0x0000000780000000, 0x0000000800000000)
  region size 1024K, 1 young (1024K), 1 survivors (1024K)
 Metaspace       used 9846K, committed 10112K, reserved 1114112K
  class space    used 1088K, committed 1216K, reserved 1048576K
}
Event: 4296.753 GC heap before
{Heap before GC invocations=31 (full 0):
 garbage-first heap   total reserved 2097152K, committed 133120K, used 85413K [0x0000000780000000, 0x0000000800000000)
  region size 1024K, 76 young (77824K), 1 survivors (1024K)
 Metaspace       used 9846K, committed 10112K, reserved 1114112K
  class space    used 1088K, committed 1216K, reserved 1048576K
}
Event: 4296.758 GC heap after
{Heap after GC invocations=32 (full 0):
 garbage-first heap   total reserved 2097152K, committed 133120K, used 8610K [0x0000000780000000, 0x0000000800000000)
  region size 1024K, 1 young (1024K), 1 survivors (1024K)
 Metaspace       used 9846K, committed 10112K, reserved 1114112K
  class space    used 1088K, committed 1216K, reserved 1048576K
}
Event: 4450.153 GC heap before
{Heap before GC invocations=32 (full 0):
 garbage-first heap   total reserved 2097152K, committed 133120K, used 85410K [0x0000000780000000, 0x0000000800000000)
  region size 1024K, 76 young (77824K), 1 survivors (1024K)
 Metaspace       used 9846K, committed 10112K, reserved 1114112K
  class space    used 1088K, committed 1216K, reserved 1048576K
}
Event: 4450.160 GC heap after
{Heap after GC invocations=33 (full 0):
 garbage-first heap   total reserved 2097152K, committed 133120K, used 8612K [0x0000000780000000, 0x0000000800000000)
  region size 1024K, 1 young (1024K), 1 survivors (1024K)
 Metaspace       used 9846K, committed 10112K, reserved 1114112K
  class space    used 1088K, committed 1216K, reserved 1048576K
}

